2024-01-05T06:57:42.043541Z 0 [System] [MY-013169] [Server] /usr/sbin/mysqld (mysqld 8.0.35) initializing of server in progress as process 353
2024-01-05T06:57:42.061525Z 0 [Warning] [MY-010159] [Server] Setting lower_case_table_names=2 because file system for /var/lib/mysql/ is case insensitive
2024-01-05T06:57:42.175699Z 1 [System] [MY-013576] [InnoDB] InnoDB initialization has started.
2024-01-05T06:57:43.203640Z 1 [System] [MY-013577] [InnoDB] InnoDB initialization has ended.
2024-01-05T06:57:44.827790Z 6 [Warning] [MY-010453] [Server] root@localhost is created with an empty password ! Please consider switching off the --initialize-insecure option.
2024-01-05T06:57:49.641805Z 0 [System] [MY-010116] [Server] /usr/sbin/mysqld (mysqld 8.0.35) starting as process 412
2024-01-05T06:57:49.654047Z 0 [Warning] [MY-010159] [Server] Setting lower_case_table_names=2 because file system for /var/lib/mysql/ is case insensitive
2024-01-05T06:57:49.714105Z 1 [System] [MY-013576] [InnoDB] InnoDB initialization has started.
2024-01-05T06:57:49.958660Z 1 [System] [MY-013577] [InnoDB] InnoDB initialization has ended.
2024-01-05T06:57:50.372364Z 0 [Warning] [MY-010068] [Server] CA certificate ca.pem is self signed.
2024-01-05T06:57:50.372615Z 0 [System] [MY-013602] [Server] Channel mysql_main configured to support TLS. Encrypted connections are now supported for this channel.
2024-01-05T06:57:50.420008Z 0 [System] [MY-010931] [Server] /usr/sbin/mysqld: ready for connections. Version: '8.0.35'  socket: '/var/lib/mysql/mysql.sock'  port: 0  MySQL Community Server - GPL.
2024-01-05T06:57:50.420706Z 0 [System] [MY-011323] [Server] X Plugin ready for connections. Socket: /var/run/mysqld/mysqlx.sock
2024-01-05T06:58:00.617808Z 13 [System] [MY-013172] [Server] Received SHUTDOWN from user root. Shutting down mysqld (Version: 8.0.35).
2024-01-05T06:58:02.221702Z 0 [System] [MY-010910] [Server] /usr/sbin/mysqld: Shutdown complete (mysqld 8.0.35)  MySQL Community Server - GPL.
2024-01-05T06:58:03.096467Z 0 [System] [MY-010116] [Server] /usr/sbin/mysqld (mysqld 8.0.35) starting as process 1
2024-01-05T06:58:03.118195Z 0 [Warning] [MY-010159] [Server] Setting lower_case_table_names=2 because file system for /var/lib/mysql/ is case insensitive
2024-01-05T06:58:03.204846Z 1 [System] [MY-013576] [InnoDB] InnoDB initialization has started.
2024-01-05T06:58:03.696196Z 1 [System] [MY-013577] [InnoDB] InnoDB initialization has ended.
2024-01-05T06:58:04.377939Z 0 [Warning] [MY-010068] [Server] CA certificate ca.pem is self signed.
2024-01-05T06:58:04.378408Z 0 [System] [MY-013602] [Server] Channel mysql_main configured to support TLS. Encrypted connections are now supported for this channel.
2024-01-05T06:58:04.462562Z 0 [System] [MY-010931] [Server] /usr/sbin/mysqld: ready for connections. Version: '8.0.35'  socket: '/var/lib/mysql/mysql.sock'  port: 3306  MySQL Community Server - GPL.
2024-01-05T06:58:04.464668Z 0 [System] [MY-011323] [Server] X Plugin ready for connections. Bind-address: '::' port: 33060, socket: /var/run/mysqld/mysqlx.sock
2024-01-05T06:59:27.800372Z 0 [System] [MY-013172] [Server] Received SHUTDOWN from user <via user signal>. Shutting down mysqld (Version: 8.0.35).
2024-01-05T06:59:28.772604Z 0 [System] [MY-010910] [Server] /usr/sbin/mysqld: Shutdown complete (mysqld 8.0.35)  MySQL Community Server - GPL.
2024-01-05T06:59:32.237790Z 0 [System] [MY-010116] [Server] /usr/sbin/mysqld (mysqld 8.0.35) starting as process 1
2024-01-05T06:59:32.250244Z 0 [Warning] [MY-010159] [Server] Setting lower_case_table_names=2 because file system for /var/lib/mysql/ is case insensitive
2024-01-05T06:59:32.309143Z 1 [System] [MY-013576] [InnoDB] InnoDB initialization has started.
2024-01-05T06:59:32.595345Z 1 [System] [MY-013577] [InnoDB] InnoDB initialization has ended.
2024-01-05T06:59:33.265868Z 0 [Warning] [MY-010068] [Server] CA certificate ca.pem is self signed.
2024-01-05T06:59:33.266192Z 0 [System] [MY-013602] [Server] Channel mysql_main configured to support TLS. Encrypted connections are now supported for this channel.
2024-01-05T06:59:33.329764Z 0 [System] [MY-010931] [Server] /usr/sbin/mysqld: ready for connections. Version: '8.0.35'  socket: '/var/lib/mysql/mysql.sock'  port: 3306  MySQL Community Server - GPL.
2024-01-05T06:59:33.330509Z 0 [System] [MY-011323] [Server] X Plugin ready for connections. Bind-address: '::' port: 33060, socket: /var/run/mysqld/mysqlx.sock
2024-01-05T07:42:56.938941Z 0 [System] [MY-013172] [Server] Received SHUTDOWN from user <via user signal>. Shutting down mysqld (Version: 8.0.35).
2024-01-05T07:42:58.565198Z 0 [System] [MY-010910] [Server] /usr/sbin/mysqld: Shutdown complete (mysqld 8.0.35)  MySQL Community Server - GPL.
2024-01-05T07:43:07.110362Z 0 [System] [MY-010116] [Server] /usr/sbin/mysqld (mysqld 8.0.35) starting as process 1
2024-01-05T07:43:07.136901Z 0 [Warning] [MY-010159] [Server] Setting lower_case_table_names=2 because file system for /var/lib/mysql/ is case insensitive
2024-01-05T07:43:07.236397Z 1 [System] [MY-013576] [InnoDB] InnoDB initialization has started.
2024-01-05T07:43:07.814990Z 1 [System] [MY-013577] [InnoDB] InnoDB initialization has ended.
2024-01-05T07:43:08.557174Z 0 [Warning] [MY-010068] [Server] CA certificate ca.pem is self signed.
2024-01-05T07:43:08.557531Z 0 [System] [MY-013602] [Server] Channel mysql_main configured to support TLS. Encrypted connections are now supported for this channel.
2024-01-05T07:43:08.638146Z 0 [System] [MY-010931] [Server] /usr/sbin/mysqld: ready for connections. Version: '8.0.35'  socket: '/var/lib/mysql/mysql.sock'  port: 3306  MySQL Community Server - GPL.
2024-01-05T07:43:08.639397Z 0 [System] [MY-011323] [Server] X Plugin ready for connections. Bind-address: '::' port: 33060, socket: /var/run/mysqld/mysqlx.sock
2024-01-05T08:13:46.539711Z 0 [System] [MY-013172] [Server] Received SHUTDOWN from user <via user signal>. Shutting down mysqld (Version: 8.0.35).
2024-01-05T08:13:47.751339Z 0 [System] [MY-010910] [Server] /usr/sbin/mysqld: Shutdown complete (mysqld 8.0.35)  MySQL Community Server - GPL.
2024-01-05T08:13:52.562054Z 0 [System] [MY-010116] [Server] /usr/sbin/mysqld (mysqld 8.0.35) starting as process 1
2024-01-05T08:13:52.573945Z 0 [Warning] [MY-010159] [Server] Setting lower_case_table_names=2 because file system for /var/lib/mysql/ is case insensitive
2024-01-05T08:13:52.636745Z 1 [System] [MY-013576] [InnoDB] InnoDB initialization has started.
2024-01-05T08:13:53.067875Z 1 [System] [MY-013577] [InnoDB] InnoDB initialization has ended.
2024-01-05T08:13:53.484320Z 0 [Warning] [MY-010068] [Server] CA certificate ca.pem is self signed.
2024-01-05T08:13:53.484581Z 0 [System] [MY-013602] [Server] Channel mysql_main configured to support TLS. Encrypted connections are now supported for this channel.
2024-01-05T08:13:53.541974Z 0 [System] [MY-010931] [Server] /usr/sbin/mysqld: ready for connections. Version: '8.0.35'  socket: '/var/lib/mysql/mysql.sock'  port: 3306  MySQL Community Server - GPL.
2024-01-05T08:13:53.542782Z 0 [System] [MY-011323] [Server] X Plugin ready for connections. Bind-address: '::' port: 33060, socket: /var/run/mysqld/mysqlx.sock
2024-01-05T11:13:48.664923Z 0 [System] [MY-013172] [Server] Received SHUTDOWN from user <via user signal>. Shutting down mysqld (Version: 8.0.35).
2024-01-05T11:13:50.747118Z 0 [System] [MY-010910] [Server] /usr/sbin/mysqld: Shutdown complete (mysqld 8.0.35)  MySQL Community Server - GPL.
2024-01-09T01:25:03.643249Z 0 [System] [MY-010116] [Server] /usr/sbin/mysqld (mysqld 8.0.35) starting as process 1
2024-01-09T01:25:03.655909Z 0 [Warning] [MY-010159] [Server] Setting lower_case_table_names=2 because file system for /var/lib/mysql/ is case insensitive
2024-01-09T01:25:03.713791Z 1 [System] [MY-013576] [InnoDB] InnoDB initialization has started.
2024-01-09T01:25:03.938372Z 1 [System] [MY-013577] [InnoDB] InnoDB initialization has ended.
2024-01-09T01:25:04.320565Z 0 [Warning] [MY-010068] [Server] CA certificate ca.pem is self signed.
2024-01-09T01:25:04.320829Z 0 [System] [MY-013602] [Server] Channel mysql_main configured to support TLS. Encrypted connections are now supported for this channel.
2024-01-09T01:25:04.378380Z 0 [System] [MY-010931] [Server] /usr/sbin/mysqld: ready for connections. Version: '8.0.35'  socket: '/var/lib/mysql/mysql.sock'  port: 3306  MySQL Community Server - GPL.
2024-01-09T01:25:04.379161Z 0 [System] [MY-011323] [Server] X Plugin ready for connections. Bind-address: '::' port: 33060, socket: /var/run/mysqld/mysqlx.sock
2024-01-09T11:24:18.775710Z 0 [System] [MY-010116] [Server] /usr/sbin/mysqld (mysqld 8.0.35) starting as process 1
2024-01-09T11:24:18.789047Z 0 [Warning] [MY-010159] [Server] Setting lower_case_table_names=2 because file system for /var/lib/mysql/ is case insensitive
2024-01-09T11:24:18.874736Z 1 [System] [MY-013576] [InnoDB] InnoDB initialization has started.
2024-01-09T11:24:19.467668Z 1 [System] [MY-013577] [InnoDB] InnoDB initialization has ended.
2024-01-09T11:24:19.807727Z 0 [System] [MY-010229] [Server] Starting XA crash recovery...
2024-01-09T11:24:19.853578Z 0 [System] [MY-010232] [Server] XA crash recovery finished.
2024-01-09T11:24:19.978179Z 0 [Warning] [MY-010068] [Server] CA certificate ca.pem is self signed.
2024-01-09T11:24:19.978464Z 0 [System] [MY-013602] [Server] Channel mysql_main configured to support TLS. Encrypted connections are now supported for this channel.
2024-01-09T11:24:20.041809Z 0 [System] [MY-010931] [Server] /usr/sbin/mysqld: ready for connections. Version: '8.0.35'  socket: '/var/lib/mysql/mysql.sock'  port: 3306  MySQL Community Server - GPL.
2024-01-09T11:24:20.042840Z 0 [System] [MY-011323] [Server] X Plugin ready for connections. Bind-address: '::' port: 33060, socket: /var/run/mysqld/mysqlx.sock
2024-01-09T11:41:46.074029Z 0 [System] [MY-013172] [Server] Received SHUTDOWN from user <via user signal>. Shutting down mysqld (Version: 8.0.35).
2024-01-09T11:41:46.997615Z 0 [System] [MY-010910] [Server] /usr/sbin/mysqld: Shutdown complete (mysqld 8.0.35)  MySQL Community Server - GPL.
2024-01-16T11:05:17.570066Z 0 [System] [MY-010116] [Server] /usr/sbin/mysqld (mysqld 8.0.35) starting as process 1
2024-01-16T11:05:17.582779Z 0 [Warning] [MY-010159] [Server] Setting lower_case_table_names=2 because file system for /var/lib/mysql/ is case insensitive
2024-01-16T11:05:17.639998Z 1 [System] [MY-013576] [InnoDB] InnoDB initialization has started.
2024-01-16T11:05:17.892952Z 1 [System] [MY-013577] [InnoDB] InnoDB initialization has ended.
2024-01-16T11:05:18.280657Z 0 [Warning] [MY-010068] [Server] CA certificate ca.pem is self signed.
2024-01-16T11:05:18.280914Z 0 [System] [MY-013602] [Server] Channel mysql_main configured to support TLS. Encrypted connections are now supported for this channel.
2024-01-16T11:05:18.334020Z 0 [System] [MY-010931] [Server] /usr/sbin/mysqld: ready for connections. Version: '8.0.35'  socket: '/var/lib/mysql/mysql.sock'  port: 3306  MySQL Community Server - GPL.
2024-01-16T11:05:18.334881Z 0 [System] [MY-011323] [Server] X Plugin ready for connections. Bind-address: '::' port: 33060, socket: /var/run/mysqld/mysqlx.sock
2024-01-16T11:05:35.811004Z 0 [System] [MY-013172] [Server] Received SHUTDOWN from user <via user signal>. Shutting down mysqld (Version: 8.0.35).
2024-01-16T11:05:36.692526Z 0 [System] [MY-010910] [Server] /usr/sbin/mysqld: Shutdown complete (mysqld 8.0.35)  MySQL Community Server - GPL.
2024-01-23T05:58:04.882488Z 0 [System] [MY-010116] [Server] /usr/sbin/mysqld (mysqld 8.0.36) starting as process 1
2024-01-23T05:58:04.895301Z 0 [Warning] [MY-010159] [Server] Setting lower_case_table_names=2 because file system for /var/lib/mysql/ is case insensitive
2024-01-23T05:58:04.963223Z 1 [System] [MY-013576] [InnoDB] InnoDB initialization has started.
2024-01-23T05:58:05.287053Z 1 [System] [MY-013577] [InnoDB] InnoDB initialization has ended.
2024-01-23T05:58:05.709622Z 4 [System] [MY-013381] [Server] Server upgrade from '80035' to '80036' started.
2024-01-23T05:58:09.180777Z 4 [System] [MY-013381] [Server] Server upgrade from '80035' to '80036' completed.
2024-01-23T05:58:09.360518Z 0 [Warning] [MY-010068] [Server] CA certificate ca.pem is self signed.
2024-01-23T05:58:09.360943Z 0 [System] [MY-013602] [Server] Channel mysql_main configured to support TLS. Encrypted connections are now supported for this channel.
2024-01-23T05:58:09.410843Z 0 [System] [MY-010931] [Server] /usr/sbin/mysqld: ready for connections. Version: '8.0.36'  socket: '/var/lib/mysql/mysql.sock'  port: 3306  MySQL Community Server - GPL.
2024-01-23T05:58:09.412119Z 0 [System] [MY-011323] [Server] X Plugin ready for connections. Bind-address: '::' port: 33060, socket: /var/run/mysqld/mysqlx.sock
2024-01-23T06:17:07.755876Z 0 [System] [MY-013172] [Server] Received SHUTDOWN from user <via user signal>. Shutting down mysqld (Version: 8.0.36).
2024-01-23T06:17:09.293577Z 0 [System] [MY-010910] [Server] /usr/sbin/mysqld: Shutdown complete (mysqld 8.0.36)  MySQL Community Server - GPL.
2024-01-23T06:17:13.686773Z 0 [System] [MY-010116] [Server] /usr/sbin/mysqld (mysqld 8.0.36) starting as process 1
2024-01-23T06:17:13.699472Z 0 [Warning] [MY-010159] [Server] Setting lower_case_table_names=2 because file system for /var/lib/mysql/ is case insensitive
2024-01-23T06:17:13.758532Z 1 [System] [MY-013576] [InnoDB] InnoDB initialization has started.
2024-01-23T06:17:14.314000Z 1 [System] [MY-013577] [InnoDB] InnoDB initialization has ended.
2024-01-23T06:17:14.890043Z 0 [Warning] [MY-010068] [Server] CA certificate ca.pem is self signed.
2024-01-23T06:17:14.890370Z 0 [System] [MY-013602] [Server] Channel mysql_main configured to support TLS. Encrypted connections are now supported for this channel.
2024-01-23T06:17:14.957162Z 0 [System] [MY-010931] [Server] /usr/sbin/mysqld: ready for connections. Version: '8.0.36'  socket: '/var/lib/mysql/mysql.sock'  port: 3306  MySQL Community Server - GPL.
2024-01-23T06:17:14.958135Z 0 [System] [MY-011323] [Server] X Plugin ready for connections. Bind-address: '::' port: 33060, socket: /var/run/mysqld/mysqlx.sock
2024-01-23T07:06:56.643411Z 0 [System] [MY-013172] [Server] Received SHUTDOWN from user <via user signal>. Shutting down mysqld (Version: 8.0.36).
2024-01-23T07:06:57.954567Z 0 [System] [MY-010910] [Server] /usr/sbin/mysqld: Shutdown complete (mysqld 8.0.36)  MySQL Community Server - GPL.
2024-01-23T07:07:01.920002Z 0 [System] [MY-010116] [Server] /usr/sbin/mysqld (mysqld 8.0.36) starting as process 1
2024-01-23T07:07:01.932257Z 0 [Warning] [MY-010159] [Server] Setting lower_case_table_names=2 because file system for /var/lib/mysql/ is case insensitive
2024-01-23T07:07:01.991203Z 1 [System] [MY-013576] [InnoDB] InnoDB initialization has started.
2024-01-23T07:07:02.411377Z 1 [System] [MY-013577] [InnoDB] InnoDB initialization has ended.
2024-01-23T07:07:02.897288Z 0 [Warning] [MY-010068] [Server] CA certificate ca.pem is self signed.
2024-01-23T07:07:02.897752Z 0 [System] [MY-013602] [Server] Channel mysql_main configured to support TLS. Encrypted connections are now supported for this channel.
2024-01-23T07:07:02.974299Z 0 [System] [MY-010931] [Server] /usr/sbin/mysqld: ready for connections. Version: '8.0.36'  socket: '/var/lib/mysql/mysql.sock'  port: 3306  MySQL Community Server - GPL.
2024-01-23T07:07:02.975093Z 0 [System] [MY-011323] [Server] X Plugin ready for connections. Bind-address: '::' port: 33060, socket: /var/run/mysqld/mysqlx.sock
2024-01-23T10:36:28.786531Z 0 [System] [MY-013172] [Server] Received SHUTDOWN from user <via user signal>. Shutting down mysqld (Version: 8.0.36).
2024-01-23T10:36:30.194053Z 0 [System] [MY-010910] [Server] /usr/sbin/mysqld: Shutdown complete (mysqld 8.0.36)  MySQL Community Server - GPL.
2024-01-24T07:57:58.881504Z 0 [System] [MY-010116] [Server] /usr/sbin/mysqld (mysqld 8.0.36) starting as process 1
2024-01-24T07:57:58.894013Z 0 [Warning] [MY-010159] [Server] Setting lower_case_table_names=2 because file system for /var/lib/mysql/ is case insensitive
2024-01-24T07:57:58.955385Z 1 [System] [MY-013576] [InnoDB] InnoDB initialization has started.
2024-01-24T07:57:59.367969Z 1 [System] [MY-013577] [InnoDB] InnoDB initialization has ended.
2024-01-24T07:57:59.764157Z 0 [Warning] [MY-010068] [Server] CA certificate ca.pem is self signed.
2024-01-24T07:57:59.764410Z 0 [System] [MY-013602] [Server] Channel mysql_main configured to support TLS. Encrypted connections are now supported for this channel.
2024-01-24T07:57:59.819825Z 0 [System] [MY-010931] [Server] /usr/sbin/mysqld: ready for connections. Version: '8.0.36'  socket: '/var/lib/mysql/mysql.sock'  port: 3306  MySQL Community Server - GPL.
2024-01-24T07:57:59.821108Z 0 [System] [MY-011323] [Server] X Plugin ready for connections. Bind-address: '::' port: 33060, socket: /var/run/mysqld/mysqlx.sock
2024-01-24T10:13:31.086112Z 0 [System] [MY-013172] [Server] Received SHUTDOWN from user <via user signal>. Shutting down mysqld (Version: 8.0.36).
2024-01-24T10:13:32.939766Z 0 [System] [MY-010910] [Server] /usr/sbin/mysqld: Shutdown complete (mysqld 8.0.36)  MySQL Community Server - GPL.
2024-03-14T05:10:36.457561Z 0 [System] [MY-010116] [Server] /usr/sbin/mysqld (mysqld 8.0.36) starting as process 1
2024-03-14T05:10:36.479003Z 0 [Warning] [MY-010159] [Server] Setting lower_case_table_names=2 because file system for /var/lib/mysql/ is case insensitive
2024-03-14T05:10:36.593912Z 1 [System] [MY-013576] [InnoDB] InnoDB initialization has started.
2024-03-14T05:10:37.456399Z 1 [System] [MY-013577] [InnoDB] InnoDB initialization has ended.
2024-03-14T05:10:38.771324Z 0 [Warning] [MY-010068] [Server] CA certificate ca.pem is self signed.
2024-03-14T05:10:38.772392Z 0 [System] [MY-013602] [Server] Channel mysql_main configured to support TLS. Encrypted connections are now supported for this channel.
2024-03-14T05:10:38.862733Z 0 [System] [MY-010931] [Server] /usr/sbin/mysqld: ready for connections. Version: '8.0.36'  socket: '/var/lib/mysql/mysql.sock'  port: 3306  MySQL Community Server - GPL.
2024-03-14T05:10:38.864259Z 0 [System] [MY-011323] [Server] X Plugin ready for connections. Bind-address: '::' port: 33060, socket: /var/run/mysqld/mysqlx.sock
2024-03-14T05:22:19.636031Z 0 [System] [MY-013172] [Server] Received SHUTDOWN from user <via user signal>. Shutting down mysqld (Version: 8.0.36).
2024-03-14T05:22:21.303338Z 0 [System] [MY-010910] [Server] /usr/sbin/mysqld: Shutdown complete (mysqld 8.0.36)  MySQL Community Server - GPL.
